Using pre-set license
Built from '6000.0/release' branch; Version is '6000.0.45f1 (d91bd3d4e081) revision 14228435'; Using compiler version '193933523'; Build Type 'Release'
OS: 'Windows 11  (10.0.26100) 64bit Professional' Language: 'en' Physical Memory: 32657 MB
BatchMode: 1, IsHumanControllingUs: 0, StartBugReporterOnCrash: 0, Is64bit: 1, IsPro: 1

COMMAND LINE ARGUMENTS:
C:\Program Files\Unity\Hub\Editor\6000.0.45f1\Editor\Unity.exe
-adb2
-batchMode
-noUpm
-name
AssetImportWorker4
-projectPath
C:/Users/ngnqu/My project (5)
-logFile
Logs/AssetImportWorker4.log
-srvPort
59300
-job-worker-count
7
-background-job-worker-count
8
-gc-helper-count
1
Successfully changed project path to: C:/Users/ngnqu/My project (5)
C:/Users/ngnqu/My project (5)
[UnityMemory] Configuration Parameters - Can be set up in boot.config
    "memorysetup-bucket-allocator-granularity=16"
    "memorysetup-bucket-allocator-bucket-count=8"
    "memorysetup-bucket-allocator-block-size=33554432"
    "memorysetup-bucket-allocator-block-count=8"
    "memorysetup-main-allocator-block-size=16777216"
    "memorysetup-thread-allocator-block-size=16777216"
    "memorysetup-gfx-main-allocator-block-size=16777216"
    "memorysetup-gfx-thread-allocator-block-size=16777216"
    "memorysetup-cache-allocator-block-size=4194304"
    "memorysetup-typetree-allocator-block-size=2097152"
    "memorysetup-profiler-bucket-allocator-granularity=16"
    "memorysetup-profiler-bucket-allocator-bucket-count=8"
    "memorysetup-profiler-bucket-allocator-block-size=33554432"
    "memorysetup-profiler-bucket-allocator-block-count=8"
    "memorysetup-profiler-allocator-block-size=16777216"
    "memorysetup-profiler-editor-allocator-block-size=1048576"
    "memorysetup-temp-allocator-size-main=16777216"
    "memorysetup-job-temp-allocator-block-size=2097152"
    "memorysetup-job-temp-allocator-block-size-background=1048576"
    "memorysetup-job-temp-allocator-reduction-small-platforms=262144"
    "memorysetup-allocator-temp-initial-block-size-main=262144"
    "memorysetup-allocator-temp-initial-block-size-worker=262144"
    "memorysetup-temp-allocator-size-background-worker=32768"
    "memorysetup-temp-allocator-size-job-worker=262144"
    "memorysetup-temp-allocator-size-preload-manager=33554432"
    "memorysetup-temp-allocator-size-nav-mesh-worker=65536"
    "memorysetup-temp-allocator-size-audio-worker=65536"
    "memorysetup-temp-allocator-size-cloud-worker=32768"
    "memorysetup-temp-allocator-size-gi-baking-worker=262144"
    "memorysetup-temp-allocator-size-gi-baking-worker=262144"
    "memorysetup-temp-allocator-size-gi-baking-worker=262144"
    "memorysetup-temp-allocator-size-gi-baking-worker=262144"
    "memorysetup-temp-allocator-size-gi-baking-worker=262144"
    "memorysetup-temp-allocator-size-gfx=262144"
Player connection [52112]  Target information:

Player connection [52112]  * "[IP] 192.168.1.150 [Port] 0 [Flags] 2 [Guid] 2901858893 [EditorId] 2901858893 [Version] 1048832 [Id] WindowsEditor(7,NguyenCuong) [Debug] 1 [PackageName] WindowsEditor [ProjectName] Editor" 

Player connection [52112] Host joined multi-casting on [225.0.0.222:54997]...
Player connection [52112] Host joined alternative multi-casting on [225.0.0.222:34997]...
JobSystem: Creating JobQueue using job-worker-count value 7
Input System module state changed to: Initialized.
[Physics::Module] Initialized fallback backend.
[Physics::Module] Id: 0xdecafbad
Library Redirect Path: Library/
[Physics::Module] Selected backend.
[Physics::Module] Name: PhysX
[Physics::Module] Id: 0xf2b8ea05
[Physics::Module] SDK Version: 4.1.2
[Physics::Module] Integration Version: 1.0.0
[Physics::Module] Threading Mode: Multi-Threaded
Refreshing native plugins compatible for Editor in 1.16 ms, found 3 plugins.
Preloading 0 native plugins for Editor in 0.00 ms.
Initialize engine version: 6000.0.45f1 (d91bd3d4e081)
[Subsystems] Discovering subsystems at path C:/Program Files/Unity/Hub/Editor/6000.0.45f1/Editor/Data/Resources/UnitySubsystems
[Subsystems] Discovering subsystems at path C:/Users/ngnqu/My project (5)/Assets
GfxDevice: creating device client; kGfxThreadingModeNonThreaded
Direct3D:
    Version:  Direct3D 11.0 [level 11.1]
    Renderer: NVIDIA GeForce GTX 1060 3GB (ID=0x1c02)
    Vendor:   NVIDIA
    VRAM:     2965 MB
    Driver:   32.0.15.6094
Initialize mono
Mono path[0] = 'C:/Program Files/Unity/Hub/Editor/6000.0.45f1/Editor/Data/Managed'
Mono path[1] = 'C:/Program Files/Unity/Hub/Editor/6000.0.45f1/Editor/Data/MonoBleedingEdge/lib/mono/unityjit-win32'
Mono config path = 'C:/Program Files/Unity/Hub/Editor/6000.0.45f1/Editor/Data/MonoBleedingEdge/etc'
Using monoOptions --debugger-agent=transport=dt_socket,embedding=1,server=y,suspend=n,address=127.0.0.1:56460
Begin MonoManager ReloadAssembly
Registering precompiled unity dll's ...
Register platform support module: C:/Program Files/Unity/Hub/Editor/6000.0.45f1/Editor/Data/PlaybackEngines/WindowsStandaloneSupport/UnityEditor.WindowsStandalone.Extensions.dll
Register platform support module: C:/Program Files/Unity/Hub/Editor/6000.0.45f1/Editor/Data/PlaybackEngines/AndroidPlayer/UnityEditor.Android.Extensions.dll
Register platform support module: C:/Program Files/Unity/Hub/Editor/6000.0.45f1/Editor/Data/PlaybackEngines/iOSSupport/UnityEditor.iOS.Extensions.dll
Registered in 0.003812 seconds.
- Loaded All Assemblies, in  0.300 seconds
[usbmuxd] Start listen thread
[usbmuxd] Listen thread started
Native extension for iOS target not found
Native extension for Android target not found
Android Extension - Scanning For ADB Devices 197 ms
Native extension for WindowsStandalone target not found
Mono: successfully reloaded assembly
- Finished resetting the current domain, in  0.506 seconds
Domain Reload Profiling: 806ms
	BeginReloadAssembly (97ms)
		ExecutionOrderSort (0ms)
		DisableScriptedObjects (0ms)
		BackupInstance (0ms)
		ReleaseScriptingObjects (0ms)
		CreateAndSetChildDomain (1ms)
	RebuildCommonClasses (30ms)
	RebuildNativeTypeToScriptingClass (9ms)
	initialDomainReloadingComplete (43ms)
	LoadAllAssembliesAndSetupDomain (119ms)
		LoadAssemblies (97ms)
		RebuildTransferFunctionScriptingTraits (0ms)
		AnalyzeDomain (116ms)
			TypeCache.Refresh (115ms)
				TypeCache.ScanAssembly (105ms)
			BuildScriptInfoCaches (0ms)
			ResolveRequiredComponents (0ms)
	FinalizeReload (507ms)
		ReleaseScriptCaches (0ms)
		RebuildScriptCaches (0ms)
		SetupLoadedEditorAssemblies (475ms)
			LogAssemblyErrors (0ms)
			InitializePlatformSupportModulesInManaged (283ms)
			SetLoadedEditorAssemblies (4ms)
			BeforeProcessingInitializeOnLoad (45ms)
			ProcessInitializeOnLoadAttributes (90ms)
			ProcessInitializeOnLoadMethodAttributes (53ms)
			AfterProcessingInitializeOnLoad (0ms)
			EditorAssembliesLoaded (0ms)
		ExecutionOrderSort2 (0ms)
		AwakeInstancesAfterBackupRestoration (0ms)
========================================================================
Worker process is ready to serve import requests
Import Worker Mode flag is 0x00
Begin MonoManager ReloadAssembly
Assembly 'Assets/UnityPackages/Tools/Demigiant/DOTweenPro/DOTweenPro.dll' will not be loaded due to errors:
Unable to resolve reference 'DOTween'. Is the assembly missing or incompatible with the current platform?
Reference validation can be disabled in the Plugin Inspector.
- Loaded All Assemblies, in  0.533 seconds
Refreshing native plugins compatible for Editor in 0.67 ms, found 3 plugins.
Native extension for iOS target not found
Native extension for Android target not found
Native extension for WindowsStandalone target not found
Mono: successfully reloaded assembly
- Finished resetting the current domain, in  0.517 seconds
Domain Reload Profiling: 1049ms
	BeginReloadAssembly (129ms)
		ExecutionOrderSort (0ms)
		DisableScriptedObjects (5ms)
		BackupInstance (0ms)
		ReleaseScriptingObjects (0ms)
		CreateAndSetChildDomain (23ms)
	RebuildCommonClasses (29ms)
	RebuildNativeTypeToScriptingClass (10ms)
	initialDomainReloadingComplete (29ms)
	LoadAllAssembliesAndSetupDomain (334ms)
		LoadAssemblies (256ms)
		RebuildTransferFunctionScriptingTraits (0ms)
		AnalyzeDomain (151ms)
			TypeCache.Refresh (123ms)
				TypeCache.ScanAssembly (112ms)
			BuildScriptInfoCaches (23ms)
			ResolveRequiredComponents (4ms)
	FinalizeReload (518ms)
		ReleaseScriptCaches (0ms)
		RebuildScriptCaches (0ms)
		SetupLoadedEditorAssemblies (430ms)
			LogAssemblyErrors (0ms)
			InitializePlatformSupportModulesInManaged (15ms)
			SetLoadedEditorAssemblies (3ms)
			BeforeProcessingInitializeOnLoad (95ms)
			ProcessInitializeOnLoadAttributes (293ms)
			ProcessInitializeOnLoadMethodAttributes (21ms)
			AfterProcessingInitializeOnLoad (4ms)
			EditorAssembliesLoaded (0ms)
		ExecutionOrderSort2 (0ms)
		AwakeInstancesAfterBackupRestoration (5ms)
Shader 'TextMeshPro/Distance Field': fallback shader 'TextMeshPro/Mobile/Distance Field' not found
Shader 'TextMeshPro/Distance Field': fallback shader 'TextMeshPro/Mobile/Distance Field' not found
Launched and connected shader compiler UnityShaderCompiler.exe after 0.01 seconds
Refreshing native plugins compatible for Editor in 0.71 ms, found 3 plugins.
Preloading 0 native plugins for Editor in 0.00 ms.
Unloading 14 Unused Serialized files (Serialized files now loaded: 0)
Unloading 3870 unused Assets / (1.1 MB). Loaded Objects now: 4361.
Memory consumption went from 87.4 MB to 86.3 MB.
Total: 4.611300 ms (FindLiveObjects: 0.333500 ms CreateObjectMapping: 0.241700 ms MarkObjects: 3.226900 ms  DeleteObjects: 0.808700 ms)

========================================================================
Received Import Request.
  Time since last request: 1279236.812248 seconds.
  path: Assets/Scenes/Maps/City.unity
  artifactKey: Guid(d10978f8bd5954fb7b1a71c6cf0adaba) Importer(815301076,1909f56bfc062723c751e8b465ee728b)
Start importing Assets/Scenes/Maps/City.unity using Guid(d10978f8bd5954fb7b1a71c6cf0adaba) Importer(815301076,1909f56bfc062723c751e8b465ee728b) (PreviewImporter) -> (artifact id: 'f7210279dc466843f409af62cc4f9528') in 0.0043148 seconds
Number of updated asset objects reloaded before import = 0Number of asset objects unloaded after import = 0

========================================================================
Received Import Request.
  Time since last request: 22.383639 seconds.
  path: Assets/UnityPackages/AssetPacks/PolygonCity/Materials/PolygonCity_Mat_01_A_Standard.mat
  artifactKey: Guid(9f13972caa5ed49a39762e8c40f4ae16) Importer(815301076,1909f56bfc062723c751e8b465ee728b)
Start importing Assets/UnityPackages/AssetPacks/PolygonCity/Materials/PolygonCity_Mat_01_A_Standard.mat using Guid(9f13972caa5ed49a39762e8c40f4ae16) Importer(815301076,1909f56bfc062723c751e8b465ee728b) (PreviewImporter) -> (artifact id: '9e3f2150c2deca51c66f6daf311ba6b8') in 0.1615827 seconds
Number of updated asset objects reloaded before import = 0Number of asset objects unloaded after import = 2

========================================================================
Received Import Request.
  Time since last request: 373.953363 seconds.
  path: Assets/Prefabs/Maps/City/WaterMat.mat
  artifactKey: Guid(268f84e00b62347b3bd46b3f714d8ac9) Importer(815301076,1909f56bfc062723c751e8b465ee728b)
Start importing Assets/Prefabs/Maps/City/WaterMat.mat using Guid(268f84e00b62347b3bd46b3f714d8ac9) Importer(815301076,1909f56bfc062723c751e8b465ee728b) (PreviewImporter) -> (artifact id: '4e0f860cc9be0b0a2b837b9c607ede94') in 0.0086981 seconds
Number of updated asset objects reloaded before import = 0Number of asset objects unloaded after import = 2

========================================================================
Received Import Request.
  Time since last request: 285.881345 seconds.
  path: Assets/_Ball/Metal.mat
  artifactKey: Guid(47ae1d9c92e8a3c4383f7a356ed375f4) Importer(815301076,1909f56bfc062723c751e8b465ee728b)
Start importing Assets/_Ball/Metal.mat using Guid(47ae1d9c92e8a3c4383f7a356ed375f4) Importer(815301076,1909f56bfc062723c751e8b465ee728b) (PreviewImporter) -> (artifact id: 'b0901a272f3b95cae6ce3b4e078e0363') in 0.1778244 seconds
Number of updated asset objects reloaded before import = 0Number of asset objects unloaded after import = 5

========================================================================
Received Import Request.
  Time since last request: 0.000027 seconds.
  path: Assets/_Ball/TopSpenderTower.prefab
  artifactKey: Guid(d6998db4b7e333c4ab0791106cbd0333) Importer(815301076,1909f56bfc062723c751e8b465ee728b)
Start importing Assets/_Ball/TopSpenderTower.prefab using Guid(d6998db4b7e333c4ab0791106cbd0333) Importer(815301076,1909f56bfc062723c751e8b465ee728b) (PreviewImporter) -> (artifact id: '0048199f0a35e5aeeb94cfc89be0c4b0') in 0.0731165 seconds
Number of updated asset objects reloaded before import = 0Number of asset objects unloaded after import = 139

========================================================================
Received Import Request.
  Time since last request: 789.512019 seconds.
  path: Assets/_Ball/Metal3/Metal034_2K-JPG_Color.jpg
  artifactKey: Guid(d549b77cadfbc4b4db925adb5fc4f2e7) Importer(815301076,1909f56bfc062723c751e8b465ee728b)
Start importing Assets/_Ball/Metal3/Metal034_2K-JPG_Color.jpg using Guid(d549b77cadfbc4b4db925adb5fc4f2e7) Importer(815301076,1909f56bfc062723c751e8b465ee728b) (PreviewImporter) -> (artifact id: '6a98505f99f1cf26f1d68a4812074163') in 0.0143977 seconds
Number of updated asset objects reloaded before import = 0Number of asset objects unloaded after import = 2

========================================================================
Received Import Request.
  Time since last request: 86.374128 seconds.
  path: Assets/_Ball/Crane/base_emissive.png
  artifactKey: Guid(bbda51763c9af6e479ae5f3c0767e79b) Importer(815301076,1909f56bfc062723c751e8b465ee728b)
Start importing Assets/_Ball/Crane/base_emissive.png using Guid(bbda51763c9af6e479ae5f3c0767e79b) Importer(815301076,1909f56bfc062723c751e8b465ee728b) (PreviewImporter) -> (artifact id: 'ee857a2b218756be97c9d615f5aa66f7') in 0.0069178 seconds
Number of updated asset objects reloaded before import = 0Number of asset objects unloaded after import = 2

========================================================================
Received Import Request.
  Time since last request: 0.001223 seconds.
  path: Assets/_Ball/Crane/body_normal.png
  artifactKey: Guid(a283d5bc2cb1dab4aa8288aea895a933) Importer(815301076,1909f56bfc062723c751e8b465ee728b)
Start importing Assets/_Ball/Crane/body_normal.png using Guid(a283d5bc2cb1dab4aa8288aea895a933) Importer(815301076,1909f56bfc062723c751e8b465ee728b) (PreviewImporter) -> (artifact id: 'd4698f97209e99901b3017703ab95677') in 0.0138035 seconds
Number of updated asset objects reloaded before import = 0Number of asset objects unloaded after import = 2

========================================================================
Received Import Request.
  Time since last request: 0.000019 seconds.
  path: Assets/_Ball/Crane/bottom.mat
  artifactKey: Guid(d41d9355bb5fe484f9c37cf07178c914) Importer(815301076,1909f56bfc062723c751e8b465ee728b)
Start importing Assets/_Ball/Crane/bottom.mat using Guid(d41d9355bb5fe484f9c37cf07178c914) Importer(815301076,1909f56bfc062723c751e8b465ee728b) (PreviewImporter) -> (artifact id: '8e8cc24f1ccd8417a8277cb93a0ca415') in 0.1524612 seconds
Number of updated asset objects reloaded before import = 0Number of asset objects unloaded after import = 3

========================================================================
Received Import Request.
  Time since last request: 1.459304 seconds.
  path: Assets/_Ball/Crane/bottom_baseColor.png
  artifactKey: Guid(fcd5e5dd491657c418a2ce8d911238c4) Importer(815301076,1909f56bfc062723c751e8b465ee728b)
Start importing Assets/_Ball/Crane/bottom_baseColor.png using Guid(fcd5e5dd491657c418a2ce8d911238c4) Importer(815301076,1909f56bfc062723c751e8b465ee728b) (PreviewImporter) -> (artifact id: 'a20183bbdbc24ecb08183ca4a80e1bf4') in 0.0055463 seconds
Number of updated asset objects reloaded before import = 0Number of asset objects unloaded after import = 2

========================================================================
Received Import Request.
  Time since last request: 0.074732 seconds.
  path: Assets/_Ball/Crane/bottom_normal.png
  artifactKey: Guid(845633fc964e6924789d30ac0a52007f) Importer(815301076,1909f56bfc062723c751e8b465ee728b)
Start importing Assets/_Ball/Crane/bottom_normal.png using Guid(845633fc964e6924789d30ac0a52007f) Importer(815301076,1909f56bfc062723c751e8b465ee728b) (PreviewImporter) -> (artifact id: 'd19cbf2d1adf1981ffa02aee337f3f01') in 0.0067468 seconds
Number of updated asset objects reloaded before import = 0Number of asset objects unloaded after import = 2

========================================================================
Received Import Request.
  Time since last request: 3.998852 seconds.
  path: Assets/_Ball/Crane/Crane.fbx
  artifactKey: Guid(65774f987430fd7488f627ffac100ee1) Importer(815301076,1909f56bfc062723c751e8b465ee728b)
Start importing Assets/_Ball/Crane/Crane.fbx using Guid(65774f987430fd7488f627ffac100ee1) Importer(815301076,1909f56bfc062723c751e8b465ee728b) (PreviewImporter) -> (artifact id: 'ab7446cffc967bdef3fdc5feeb6a1d6e') in 0.6297617 seconds
Number of updated asset objects reloaded before import = 0Number of asset objects unloaded after import = 49

========================================================================
Received Import Request.
  Time since last request: 1.501172 seconds.
  path: Assets/_Ball/Crane/rotating_normal.png
  artifactKey: Guid(ef228a7864cde0e458f5bf92e83ad0e9) Importer(815301076,1909f56bfc062723c751e8b465ee728b)
Start importing Assets/_Ball/Crane/rotating_normal.png using Guid(ef228a7864cde0e458f5bf92e83ad0e9) Importer(815301076,1909f56bfc062723c751e8b465ee728b) (PreviewImporter) -> (artifact id: 'e7ce62f9123bced8da635a8aa8abe658') in 0.0099215 seconds
Number of updated asset objects reloaded before import = 0Number of asset objects unloaded after import = 2

========================================================================
Received Import Request.
  Time since last request: 0.000150 seconds.
  path: Assets/_Ball/Crane/tyre_normal.png
  artifactKey: Guid(ac6a9e59f379de84ea43ad080558ce0e) Importer(815301076,1909f56bfc062723c751e8b465ee728b)
Start importing Assets/_Ball/Crane/tyre_normal.png using Guid(ac6a9e59f379de84ea43ad080558ce0e) Importer(815301076,1909f56bfc062723c751e8b465ee728b) (PreviewImporter) -> (artifact id: '6fe5be92e00ec699640f06822cc139eb') in 0.0077508 seconds
Number of updated asset objects reloaded before import = 0Number of asset objects unloaded after import = 2

========================================================================
Received Import Request.
  Time since last request: 2.334341 seconds.
  path: Assets/_Ball/Crane/lader_normal.png
  artifactKey: Guid(db008ab4f25392c479668ba526e42ced) Importer(815301076,1909f56bfc062723c751e8b465ee728b)
Start importing Assets/_Ball/Crane/lader_normal.png using Guid(db008ab4f25392c479668ba526e42ced) Importer(815301076,1909f56bfc062723c751e8b465ee728b) (PreviewImporter) -> (artifact id: '5bab4246886c5f0f23de830f9e74f782') in 0.0078236 seconds
Number of updated asset objects reloaded before import = 0Number of asset objects unloaded after import = 2

========================================================================
Received Import Request.
  Time since last request: 0.000022 seconds.
  path: Assets/_Ball/Crane/material_normal.png
  artifactKey: Guid(6305c93c024edc64fa9dc763066e67bc) Importer(815301076,1909f56bfc062723c751e8b465ee728b)
Start importing Assets/_Ball/Crane/material_normal.png using Guid(6305c93c024edc64fa9dc763066e67bc) Importer(815301076,1909f56bfc062723c751e8b465ee728b) (PreviewImporter) -> (artifact id: 'bb0d6d18b19cf7bb9f225bef97421cb8') in 0.008677 seconds
Number of updated asset objects reloaded before import = 0Number of asset objects unloaded after import = 2

========================================================================
Received Import Request.
  Time since last request: 0.841586 seconds.
  path: Assets/_Ball/Crane/hydrolic_lift_baseColor.png
  artifactKey: Guid(477ad8918fcd1e049bbd14e5cba24db0) Importer(815301076,1909f56bfc062723c751e8b465ee728b)
Start importing Assets/_Ball/Crane/hydrolic_lift_baseColor.png using Guid(477ad8918fcd1e049bbd14e5cba24db0) Importer(815301076,1909f56bfc062723c751e8b465ee728b) (PreviewImporter) -> (artifact id: '9bb9f4e012731821e0f8755a730fa8cb') in 0.0069881 seconds
Number of updated asset objects reloaded before import = 0Number of asset objects unloaded after import = 2

========================================================================
Received Import Request.
  Time since last request: 0.000020 seconds.
  path: Assets/_Ball/Crane/interior_baseColor.png
  artifactKey: Guid(743f41e5afc43824ab4556bbc0216d39) Importer(815301076,1909f56bfc062723c751e8b465ee728b)
Start importing Assets/_Ball/Crane/interior_baseColor.png using Guid(743f41e5afc43824ab4556bbc0216d39) Importer(815301076,1909f56bfc062723c751e8b465ee728b) (PreviewImporter) -> (artifact id: '539f286df3ba4ec582b6076e341a4521') in 0.0072722 seconds
Number of updated asset objects reloaded before import = 0Number of asset objects unloaded after import = 2

========================================================================
Received Import Request.
  Time since last request: 2.347473 seconds.
  path: Assets/_Ball/Crane/interior_normal.png
  artifactKey: Guid(af2f2690f88618643a66293ed5b8e1a1) Importer(815301076,1909f56bfc062723c751e8b465ee728b)
Start importing Assets/_Ball/Crane/interior_normal.png using Guid(af2f2690f88618643a66293ed5b8e1a1) Importer(815301076,1909f56bfc062723c751e8b465ee728b) (PreviewImporter) -> (artifact id: '09cb859b2c1edb2ba6d222b4d0181a7a') in 0.0079041 seconds
Number of updated asset objects reloaded before import = 0Number of asset objects unloaded after import = 2

========================================================================
Received Import Request.
  Time since last request: 128.131276 seconds.
  path: Assets/_Ball/Crane/cabin_normal.png
  artifactKey: Guid(3929cd095ec25014888231c57bcf546e) Importer(815301076,1909f56bfc062723c751e8b465ee728b)
Start importing Assets/_Ball/Crane/cabin_normal.png using Guid(3929cd095ec25014888231c57bcf546e) Importer(815301076,1909f56bfc062723c751e8b465ee728b) (PreviewImporter) -> (artifact id: 'cf3e0383fb59f4be2498c9addbdbdff0') in 0.0077469 seconds
Number of updated asset objects reloaded before import = 0Number of asset objects unloaded after import = 2

